  Agent.cpp
C:\Users\user\Desktop\Programming_Practice\GraphicsTutorial\ZombieGame\Agent.cpp(29,20): warning C4018: '<': signed 또는 unsigned가 일치하지 않습니다.
C:\Users\user\Desktop\Programming_Practice\GraphicsTutorial\ZombieGame\Agent.cpp(77,25): warning C4244: '인수': 'T'에서 'const unsigned int'(으)로 변환하면서 데이터가 손실될 수 있습니다.
          with
          [
              T=float
          ]
C:\Users\user\Desktop\Programming_Practice\GraphicsTutorial\ZombieGame\Agent.cpp(77,38): warning C4244: '인수': 'T'에서 'const unsigned int'(으)로 변환하면서 데이터가 손실될 수 있습니다.
          with
          [
              T=float
          ]
  Bullet.cpp
C:\Users\user\Desktop\Programming_Practice\GraphicsTutorial\ZombieGame\Bullet.cpp(44,24): warning C4244: '=': 'float'에서 'T'(으)로 변환하면서 데이터가 손실될 수 있습니다.
          with
          [
              T=int
          ]
C:\Users\user\Desktop\Programming_Practice\GraphicsTutorial\ZombieGame\Bullet.cpp(45,24): warning C4244: '=': 'float'에서 'T'(으)로 변환하면서 데이터가 손실될 수 있습니다.
          with
          [
              T=int
          ]
C:\Users\user\Desktop\Programming_Practice\GraphicsTutorial\ZombieGame\Bullet.cpp(47,43): warning C4018: '>=': signed 또는 unsigned가 일치하지 않습니다.
C:\Users\user\Desktop\Programming_Practice\GraphicsTutorial\ZombieGame\Bullet.cpp(48,40): warning C4018: '>=': signed 또는 unsigned가 일치하지 않습니다.
  Gun.cpp
C:\Users\user\Desktop\Programming_Practice\GraphicsTutorial\ZombieGame\Gun.cpp(32,39): warning C4244: '인수': 'time_t'에서 'unsigned int'(으)로 변환하면서 데이터가 손실될 수 있습니다.
  Human.cpp
C:\Users\user\Desktop\Programming_Practice\GraphicsTutorial\ZombieGame\Human.cpp(17,39): warning C4244: '인수': 'time_t'에서 'unsigned int'(으)로 변환하면서 데이터가 손실될 수 있습니다.
C:\Users\user\Desktop\Programming_Practice\GraphicsTutorial\ZombieGame\Human.cpp(37,39): warning C4244: '인수': 'time_t'에서 'unsigned int'(으)로 변환하면서 데이터가 손실될 수 있습니다.
  MainGame.cpp
C:\Users\user\Desktop\Programming_Practice\GraphicsTutorial\ZombieGame\MainGame.cpp(28,20): warning C4018: '<': signed 또는 unsigned가 일치하지 않습니다.
C:\Users\user\Desktop\Programming_Practice\GraphicsTutorial\ZombieGame\MainGame.cpp(62,24): warning C4244: '인수': 'time_t'에서 'unsigned int'(으)로 변환하면서 데이터가 손실될 수 있습니다.
C:\Users\user\Desktop\Programming_Practice\GraphicsTutorial\ZombieGame\MainGame.cpp(73,20): warning C4018: '<': signed 또는 unsigned가 일치하지 않습니다.
C:\Users\user\Desktop\Programming_Practice\GraphicsTutorial\ZombieGame\MainGame.cpp(110,20): warning C4018: '<': signed 또는 unsigned가 일치하지 않습니다.
C:\Users\user\Desktop\Programming_Practice\GraphicsTutorial\ZombieGame\MainGame.cpp(114,20): warning C4018: '<': signed 또는 unsigned가 일치하지 않습니다.
C:\Users\user\Desktop\Programming_Practice\GraphicsTutorial\ZombieGame\MainGame.cpp(118,20): warning C4018: '<': signed 또는 unsigned가 일치하지 않습니다.
C:\Users\user\Desktop\Programming_Practice\GraphicsTutorial\ZombieGame\MainGame.cpp(119,25): warning C4018: '<': signed 또는 unsigned가 일치하지 않습니다.
C:\Users\user\Desktop\Programming_Practice\GraphicsTutorial\ZombieGame\MainGame.cpp(122,21): warning C4018: '<': signed 또는 unsigned가 일치하지 않습니다.
C:\Users\user\Desktop\Programming_Practice\GraphicsTutorial\ZombieGame\MainGame.cpp(137,20): warning C4018: '<': signed 또는 unsigned가 일치하지 않습니다.
C:\Users\user\Desktop\Programming_Practice\GraphicsTutorial\ZombieGame\MainGame.cpp(138,25): warning C4018: '<': signed 또는 unsigned가 일치하지 않습니다.
C:\Users\user\Desktop\Programming_Practice\GraphicsTutorial\ZombieGame\MainGame.cpp(145,20): warning C4018: '<': signed 또는 unsigned가 일치하지 않습니다.
C:\Users\user\Desktop\Programming_Practice\GraphicsTutorial\ZombieGame\MainGame.cpp(165,60): warning C4244: '인수': 'Sint32'에서 'float'(으)로 변환하면서 데이터가 손실될 수 있습니다.
C:\Users\user\Desktop\Programming_Practice\GraphicsTutorial\ZombieGame\MainGame.cpp(165,45): warning C4244: '인수': 'Sint32'에서 'float'(으)로 변환하면서 데이터가 손실될 수 있습니다.
C:\Users\user\Desktop\Programming_Practice\GraphicsTutorial\ZombieGame\MainGame.cpp(208,20): warning C4018: '<': signed 또는 unsigned가 일치하지 않습니다.
C:\Users\user\Desktop\Programming_Practice\GraphicsTutorial\ZombieGame\MainGame.cpp(213,20): warning C4018: '<': signed 또는 unsigned가 일치하지 않습니다.
C:\Users\user\Desktop\Programming_Practice\GraphicsTutorial\ZombieGame\MainGame.cpp(218,20): warning C4018: '<': signed 또는 unsigned가 일치하지 않습니다.
  Player.cpp
  Zombie.cpp
C:\Users\user\Desktop\Programming_Practice\GraphicsTutorial\ZombieGame\Zombie.cpp(37,20): warning C4018: '<': signed 또는 unsigned가 일치하지 않습니다.
  main.cpp
  코드를 생성하고 있습니다...
  ZombieGame.vcxproj -> C:\Users\user\Desktop\Programming_Practice\GraphicsTutorial\Debug\ZombieGame.exe
