cl : 명령줄 warning D9035: 'Gm' 옵션은 더 이상 사용되지 않으므로 이후 릴리스에서 제거될 예정입니다.
  freeglut_window.c
  freeglut_videoresize.c
  freeglut_teapot.c
  freeglut_structure.c
  freeglut_stroke_roman.c
  freeglut_stroke_mono_roman.c
  freeglut_state.c
  freeglut_spaceball.c
  freeglut_overlay.c
  freeglut_misc.c
  freeglut_menu.c
  freeglut_main.c
  freeglut_joystick.c
  freeglut_input_devices.c
  freeglut_init.c
  freeglut_glutfont_definitions.c
  freeglut_geometry.c
  freeglut_gamemode.c
  freeglut_font_data.c
  freeglut_font.c
  코드를 생성하고 있습니다...
  컴파일하고 있습니다...
  freeglut_ext.c
  freeglut_display.c
  freeglut_cursor.c
  freeglut_callbacks.c
  코드를 생성하고 있습니다...
  FreeGLUT.vcxproj -> C:\Users\user\Desktop\Programming_Practice\GraphicsTutorial\deps\Box2D_v2.3.0\Box2D\Build\vs2012\bin\Debug\FreeGLUT.lib
