  b2BroadPhase.cpp
  b2CollideCircle.cpp
  b2CollideEdge.cpp
  b2CollidePolygon.cpp
  b2Collision.cpp
  b2Distance.cpp
  b2DynamicTree.cpp
  b2TimeOfImpact.cpp
  b2ChainShape.cpp
  b2CircleShape.cpp
  b2EdgeShape.cpp
  b2PolygonShape.cpp
  b2BlockAllocator.cpp
  b2Draw.cpp
  b2Math.cpp
  b2Settings.cpp
  b2StackAllocator.cpp
  b2Timer.cpp
  b2Body.cpp
  b2ContactManager.cpp
  코드를 생성하고 있습니다...
  컴파일하고 있습니다...
  b2Fixture.cpp
  b2Island.cpp
  b2World.cpp
  b2WorldCallbacks.cpp
  b2ChainAndCircleContact.cpp
  b2ChainAndPolygonContact.cpp
  b2CircleContact.cpp
  b2Contact.cpp
  b2ContactSolver.cpp
  b2EdgeAndCircleContact.cpp
  b2EdgeAndPolygonContact.cpp
  b2PolygonAndCircleContact.cpp
  b2PolygonContact.cpp
  b2DistanceJoint.cpp
  b2FrictionJoint.cpp
  b2GearJoint.cpp
  b2Joint.cpp
  b2MotorJoint.cpp
  b2MouseJoint.cpp
  b2PrismaticJoint.cpp
  코드를 생성하고 있습니다...
  컴파일하고 있습니다...
  b2PulleyJoint.cpp
  b2RevoluteJoint.cpp
  b2RopeJoint.cpp
  b2WeldJoint.cpp
  b2WheelJoint.cpp
  코드를 생성하고 있습니다...
  Box2D.vcxproj -> C:\Users\user\Desktop\Programming_Practice\GraphicsTutorial\deps\Box2D_v2.3.0\Box2D\Build\vs2012\bin\Release\Box2D.lib
